<?xml version="1.0" encoding="UTF-8"?>
<!-- Generated by org.testng.reporters.JUnitXMLReporter -->
<testsuite ignored="0" hostname="Unosys-Laptop" failures="1" tests="2" name="General Store" time="34.553" errors="0" timestamp="2025-03-10T17:21:03 IST">
  <testcase classname="testcases.Ecommerce_tc_01" name="Login_Test_nigative" time="24.173">
    <failure type="org.openqa.selenium.NoSuchElementException" message="An element could not be located on the page using the given search parameters.
For documentation on this error, please visit: https://www.selenium.dev/documentation/webdriver/troubleshooting/errors#no-such-element-exception
Build info: version: &amp;apos;4.29.0&amp;apos;, revision: &amp;apos;5fc1ec94cb&amp;apos;
System info: os.name: &amp;apos;Windows 10&amp;apos;, os.arch: &amp;apos;amd64&amp;apos;, os.version: &amp;apos;10.0&amp;apos;, java.version: &amp;apos;21.0.5&amp;apos;
Driver info: io.appium.java_client.android.AndroidDriver
Command: [85218402-5c79-4e3f-9873-a719f42292f5, findElement {using=id, value=com.androidsample.generalstore:id/radioFemale}]
Capabilities {appium:app: C:\Users\DELL\eclipse-works..., appium:appPackage: com.androidsample.generalstore, appium:automationName: UiAutomator2, appium:chromedriverExecutable: C:\Users\DELL\AppData\Local..., appium:databaseEnabled: false, appium:desired: {app: C:\Users\DELL\eclipse-works..., automationName: UiAutomator2, chromedriverExecutable: C:\Users\DELL\AppData\Local..., deviceName: Medium Phone Appium_Demo, platformName: ANDROID, platformVersion: 15.0}, appium:deviceApiLevel: 35, appium:deviceManufacturer: Google, appium:deviceModel: sdk_gphone64_x86_64, appium:deviceName: emulator-5554, appium:deviceScreenDensity: 420, appium:deviceScreenSize: 1080x2400, appium:deviceUDID: emulator-5554, appium:javascriptEnabled: true, appium:locationContextEnabled: false, appium:networkConnectionEnabled: true, appium:pixelRatio: 2.625, appium:platformVersion: 15, appium:statBarHeight: 63, appium:takesScreenshot: true, appium:viewportRect: {height: 2337, left: 0, top: 63, width: 1080}, appium:warnings: {}, appium:webStorageEnabled: false, platformName: ANDROID}
Session ID: 85218402-5c79-4e3f-9873-a719f42292f5">
      <![CDATA[org.openqa.selenium.NoSuchElementException: An element could not be located on the page using the given search parameters.
For documentation on this error, please visit: https://www.selenium.dev/documentation/webdriver/troubleshooting/errors#no-such-element-exception
Build info: version: '4.29.0', revision: '5fc1ec94cb'
System info: os.name: 'Windows 10', os.arch: 'amd64', os.version: '10.0', java.version: '21.0.5'
Driver info: io.appium.java_client.android.AndroidDriver
Command: [85218402-5c79-4e3f-9873-a719f42292f5, findElement {using=id, value=com.androidsample.generalstore:id/radioFemale}]
Capabilities {appium:app: C:\Users\DELL\eclipse-works..., appium:appPackage: com.androidsample.generalstore, appium:automationName: UiAutomator2, appium:chromedriverExecutable: C:\Users\DELL\AppData\Local..., appium:databaseEnabled: false, appium:desired: {app: C:\Users\DELL\eclipse-works..., automationName: UiAutomator2, chromedriverExecutable: C:\Users\DELL\AppData\Local..., deviceName: Medium Phone Appium_Demo, platformName: ANDROID, platformVersion: 15.0}, appium:deviceApiLevel: 35, appium:deviceManufacturer: Google, appium:deviceModel: sdk_gphone64_x86_64, appium:deviceName: emulator-5554, appium:deviceScreenDensity: 420, appium:deviceScreenSize: 1080x2400, appium:deviceUDID: emulator-5554, appium:javascriptEnabled: true, appium:locationContextEnabled: false, appium:networkConnectionEnabled: true, appium:pixelRatio: 2.625, appium:platformVersion: 15, appium:statBarHeight: 63, appium:takesScreenshot: true, appium:viewportRect: {height: 2337, left: 0, top: 63, width: 1080}, appium:warnings: {}, appium:webStorageEnabled: false, platformName: ANDROID}
Session ID: 85218402-5c79-4e3f-9873-a719f42292f5
at org.openqa.selenium.remote.ErrorCodec.decode(ErrorCodec.java:167)
at org.openqa.selenium.remote.codec.w3c.W3CHttpResponseCodec.decode(W3CHttpResponseCodec.java:138)
at org.openqa.selenium.remote.codec.w3c.W3CHttpResponseCodec.decode(W3CHttpResponseCodec.java:50)
at org.openqa.selenium.remote.HttpCommandExecutor.execute(HttpCommandExecutor.java:190)
at io.appium.java_client.remote.AppiumCommandExecutor.execute(AppiumCommandExecutor.java:237)
at org.openqa.selenium.remote.RemoteWebDriver.execute(RemoteWebDriver.java:527)
at org.openqa.selenium.remote.ElementLocation$ElementFinder$2.findElement(ElementLocation.java:165)
at org.openqa.selenium.remote.ElementLocation.findElement(ElementLocation.java:59)
at org.openqa.selenium.remote.RemoteWebDriver.findElement(RemoteWebDriver.java:357)
at org.openqa.selenium.remote.RemoteWebDriver.findElement(RemoteWebDriver.java:351)
at org.openqa.selenium.support.pagefactory.DefaultElementLocator.findElement(DefaultElementLocator.java:68)
at org.openqa.selenium.support.pagefactory.internal.LocatingElementHandler.invoke(LocatingElementHandler.java:38)
at jdk.proxy2/jdk.proxy2.$Proxy14.click(Unknown Source)
at pages.Home_page.selectRdioBtn(Home_page.java:47)
at testcases.Ecommerce_tc_01.Login_Test_nigative(Ecommerce_tc_01.java:28)
at java.base/java.util.ArrayList.forEach(ArrayList.java:1596)
... Removed 28 stack frames]]>
    </failure>
  </testcase> <!-- Login_Test_nigative -->
  <testcase classname="testcases.Ecommerce_tc_01" name="Login_Test" time="0.001">
    <skipped/>
  </testcase> <!-- Login_Test -->
</testsuite> <!-- General Store -->
